<?xml version="1.0" encoding="UTF-8"?>
<!-- Generated by org.testng.reporters.JUnitReportReporter -->
<testsuite hostname="LAPTOP-D852AS51" failures="0" tests="1" name="testCaseFile.Jenkin2NG" time="0.017" errors="0" timestamp="2024-06-09T16:42:30 IST" skipped="0">
  <testcase classname="testCaseFile.Jenkin2NG" name="m1" time="0.017"/>
</testsuite> <!-- testCaseFile.Jenkin2NG -->
